# JRE version: OpenJDK Runtime Environment (8.0_152-b01) (build 1.8.0_152-release-915-b01)
# Java VM: OpenJDK 64-Bit Server VM (25.152-b01 mixed mode windows-amd64 compressed oops)
Heap:
 PSYoungGen      total 350208K, used 84054K [0x00000000e0000000, 0x00000000fca80000, 0x0000000100000000)
  eden space 296960K, 10% used [0x00000000e0000000,0x00000000e1f0df00,0x00000000f2200000)
  from space 53248K, 98% used [0x00000000f9680000,0x00000000fc987a88,0x00000000fca80000)
  to   space 41472K, 0% used [0x00000000f2200000,0x00000000f2200000,0x00000000f4a80000)
 ParOldGen       total 164352K, used 101851K [0x00000000a0000000, 0x00000000aa080000, 0x00000000e0000000)
  object space 164352K, 61% used [0x00000000a0000000,0x00000000a6376cd8,0x00000000aa080000)
 Metaspace       used 77341K, capacity 82101K, committed 82432K, reserved 1120256K
  class space    used 10269K, capacity 11408K, committed 11520K, reserved 1048576K
GC Heap History (10 events):
Event: 18.075 GC heap before
{Heap before GC invocations=11 (full 3):
 PSYoungGen      total 265216K, used 17889K [0x00000000e0000000, 0x00000000f2500000, 0x0000000100000000)
  eden space 247296K, 0% used [0x00000000e0000000,0x00000000e0000000,0x00000000ef180000)
  from space 17920K, 99% used [0x00000000f0880000,0x00000000f19f85f8,0x00000000f1a00000)
  to   space 23552K, 0% used [0x00000000ef180000,0x00000000ef180000,0x00000000f0880000)
 ParOldGen       total 116224K, used 33687K [0x00000000a0000000, 0x00000000a7180000, 0x00000000e0000000)
  object space 116224K, 28% used [0x00000000a0000000,0x00000000a20e5fe8,0x00000000a7180000)
 Metaspace       used 56936K, capacity 58912K, committed 59008K, reserved 1099776K
  class space    used 7697K, capacity 8224K, committed 8320K, reserved 1048576K
Event: 18.222 GC heap after
Heap after GC invocations=11 (full 3):
 PSYoungGen      total 265216K, used 0K [0x00000000e0000000, 0x00000000f2500000, 0x0000000100000000)
  eden space 247296K, 0% used [0x00000000e0000000,0x00000000e0000000,0x00000000ef180000)
  from space 17920K, 0% used [0x00000000f0880000,0x00000000f0880000,0x00000000f1a00000)
  to   space 23552K, 0% used [0x00000000ef180000,0x00000000ef180000,0x00000000f0880000)
 ParOldGen       total 164352K, used 40624K [0x00000000a0000000, 0x00000000aa080000, 0x00000000e0000000)
  object space 164352K, 24% used [0x00000000a0000000,0x00000000a27ac128,0x00000000aa080000)
 Metaspace       used 56936K, capacity 58912K, committed 59008K, reserved 1099776K
  class space    used 7697K, capacity 8224K, committed 8320K, reserved 1048576K
}
Event: 20.995 GC heap before
{Heap before GC invocations=12 (full 3):
 PSYoungGen      total 265216K, used 247296K [0x00000000e0000000, 0x00000000f2500000, 0x0000000100000000)
  eden space 247296K, 100% used [0x00000000e0000000,0x00000000ef180000,0x00000000ef180000)
  from space 17920K, 0% used [0x00000000f0880000,0x00000000f0880000,0x00000000f1a00000)
  to   space 23552K, 0% used [0x00000000ef180000,0x00000000ef180000,0x00000000f0880000)
 ParOldGen       total 164352K, used 40624K [0x00000000a0000000, 0x00000000aa080000, 0x00000000e0000000)
  object space 164352K, 24% used [0x00000000a0000000,0x00000000a27ac128,0x00000000aa080000)
 Metaspace       used 62823K, capacity 65790K, committed 66048K, reserved 1105920K
  class space    used 8541K, capacity 9385K, committed 9472K, reserved 1048576K
Event: 21.043 GC heap after
Heap after GC invocations=12 (full 3):
 PSYoungGen      total 270848K, used 23520K [0x00000000e0000000, 0x00000000f6a80000, 0x0000000100000000)
  eden space 247296K, 0% used [0x00000000e0000000,0x00000000e0000000,0x00000000ef180000)
  from space 23552K, 99% used [0x00000000ef180000,0x00000000f0878010,0x00000000f0880000)
  to   space 32768K, 0% used [0x00000000f4a80000,0x00000000f4a80000,0x00000000f6a80000)
 ParOldGen       total 164352K, used 55036K [0x00000000a0000000, 0x00000000aa080000, 0x00000000e0000000)
  object space 164352K, 33% used [0x00000000a0000000,0x00000000a35bf320,0x00000000aa080000)
 Metaspace       used 62823K, capacity 65790K, committed 66048K, reserved 1105920K
  class space    used 8541K, capacity 9385K, committed 9472K, reserved 1048576K
}
Event: 24.487 GC heap before
{Heap before GC invocations=13 (full 3):
 PSYoungGen      total 270848K, used 270816K [0x00000000e0000000, 0x00000000f6a80000, 0x0000000100000000)
  eden space 247296K, 100% used [0x00000000e0000000,0x00000000ef180000,0x00000000ef180000)
  from space 23552K, 99% used [0x00000000ef180000,0x00000000f0878010,0x00000000f0880000)
  to   space 32768K, 0% used [0x00000000f4a80000,0x00000000f4a80000,0x00000000f6a80000)
 ParOldGen       total 164352K, used 55036K [0x00000000a0000000, 0x00000000aa080000, 0x00000000e0000000)
  object space 164352K, 33% used [0x00000000a0000000,0x00000000a35bf320,0x00000000aa080000)
 Metaspace       used 69565K, capacity 73165K, committed 73344K, reserved 1112064K
  class space    used 9455K, capacity 10356K, committed 10368K, reserved 1048576K
Event: 24.521 GC heap after
Heap after GC invocations=13 (full 3):
 PSYoungGen      total 329728K, used 32744K [0x00000000e0000000, 0x00000000f7b00000, 0x0000000100000000)
  eden space 296960K, 0% used [0x00000000e0000000,0x00000000e0000000,0x00000000f2200000)
  from space 32768K, 99% used [0x00000000f4a80000,0x00000000f6a7a020,0x00000000f6a80000)
  to   space 41472K, 0% used [0x00000000f2200000,0x00000000f2200000,0x00000000f4a80000)
 ParOldGen       total 164352K, used 64670K [0x00000000a0000000, 0x00000000aa080000, 0x00000000e0000000)
  object space 164352K, 39% used [0x00000000a0000000,0x00000000a3f27890,0x00000000aa080000)
 Metaspace       used 69565K, capacity 73165K, committed 73344K, reserved 1112064K
  class space    used 9455K, capacity 10356K, committed 10368K, reserved 1048576K
}
Event: 31.851 GC heap before
{Heap before GC invocations=14 (full 3):
 PSYoungGen      total 329728K, used 329704K [0x00000000e0000000, 0x00000000f7b00000, 0x0000000100000000)
  eden space 296960K, 100% used [0x00000000e0000000,0x00000000f2200000,0x00000000f2200000)
  from space 32768K, 99% used [0x00000000f4a80000,0x00000000f6a7a020,0x00000000f6a80000)
  to   space 41472K, 0% used [0x00000000f2200000,0x00000000f2200000,0x00000000f4a80000)
 ParOldGen       total 164352K, used 64670K [0x00000000a0000000, 0x00000000aa080000, 0x00000000e0000000)
  object space 164352K, 39% used [0x00000000a0000000,0x00000000a3f27890,0x00000000aa080000)
 Metaspace       used 74501K, capacity 78995K, committed 79232K, reserved 1118208K
  class space    used 9956K, capacity 11069K, committed 11136K, reserved 1048576K
Event: 31.901 GC heap after
Heap after GC invocations=14 (full 3):
 PSYoungGen      total 338432K, used 41460K [0x00000000e0000000, 0x00000000fca80000, 0x0000000100000000)
  eden space 296960K, 0% used [0x00000000e0000000,0x00000000e0000000,0x00000000f2200000)
  from space 41472K, 99% used [0x00000000f2200000,0x00000000f4a7d328,0x00000000f4a80000)
  to   space 53248K, 0% used [0x00000000f9680000,0x00000000f9680000,0x00000000fca80000)
 ParOldGen       total 164352K, used 79826K [0x00000000a0000000, 0x00000000aa080000, 0x00000000e0000000)
  object space 164352K, 48% used [0x00000000a0000000,0x00000000a4df4a18,0x00000000aa080000)
 Metaspace       used 74501K, capacity 78995K, committed 79232K, reserved 1118208K
  class space    used 9956K, capacity 11069K, committed 11136K, reserved 1048576K
}
Event: 34.851 GC heap before
{Heap before GC invocations=15 (full 3):
 PSYoungGen      total 338432K, used 338420K [0x00000000e0000000, 0x00000000fca80000, 0x0000000100000000)
  eden space 296960K, 100% used [0x00000000e0000000,0x00000000f2200000,0x00000000f2200000)
  from space 41472K, 99% used [0x00000000f2200000,0x00000000f4a7d328,0x00000000f4a80000)
  to   space 53248K, 0% used [0x00000000f9680000,0x00000000f9680000,0x00000000fca80000)
 ParOldGen       total 164352K, used 79826K [0x00000000a0000000, 0x00000000aa080000, 0x00000000e0000000)
  object space 164352K, 48% used [0x00000000a0000000,0x00000000a4df4a18,0x00000000aa080000)
 Metaspace       used 77289K, capacity 82083K, committed 82432K, reserved 1120256K
  class space    used 10267K, capacity 11405K, committed 11520K, reserved 1048576K
Event: 34.913 GC heap after
Heap after GC invocations=15 (full 3):
 PSYoungGen      total 350208K, used 52254K [0x00000000e0000000, 0x00000000fca80000, 0x0000000100000000)
  eden space 296960K, 0% used [0x00000000e0000000,0x00000000e0000000,0x00000000f2200000)
  from space 53248K, 98% used [0x00000000f9680000,0x00000000fc987a88,0x00000000fca80000)
  to   space 41472K, 0% used [0x00000000f2200000,0x00000000f2200000,0x00000000f4a80000)
 ParOldGen       total 164352K, used 101851K [0x00000000a0000000, 0x00000000aa080000, 0x00000000e0000000)
  object space 164352K, 61% used [0x00000000a0000000,0x00000000a6376cd8,0x00000000aa080000)
 Metaspace       used 77289K, capacity 82083K, committed 82432K, reserved 1120256K
  class space    used 10267K, capacity 11405K, committed 11520K, reserved 1048576K
}

